<?xml version="1.0" encoding="UTF-8"?>
<!-- Generated by org.testng.reporters.JUnitXMLReporter -->
<testsuite ignored="0" hostname="Samapty-IT" failures="1" tests="1" name="OtherTransaction_Module" time="0.043" errors="0" timestamp="2022-03-15T15:38:26 BDT">
  <testcase classname="tests.OtherTransaction_Module" name="OtherTransaction" time="0.0">
    <failure type="org.testng.TestNGException" message="
Unsupported type parameter : class [Ljava.lang.String;">
      <![CDATA[org.testng.TestNGException: 
Unsupported type parameter : class [Ljava.lang.String;
at java.base/java.util.ArrayList.forEach(ArrayList.java:1511)
... Removed 27 stack frames]]>
    </failure>
  </testcase> <!-- OtherTransaction -->
</testsuite> <!-- OtherTransaction_Module -->
